Arguments: 
  /usr/bin/node /usr/share/yarn/bin/yarn.js install

PATH: 
  /usr/local/sbin:/usr/local/bin:/usr/sbin:/usr/bin:/sbin:/bin

Yarn version: 
  1.22.5

Node version: 
  14.17.0

Platform: 
  linux x64

Trace: 
  Error: https://registry.yarnpkg.com/husky: tunneling socket could not be established, cause=getaddrinfo EAI_AGAIN squid
      at ClientRequest.onError (/usr/share/yarn/lib/cli.js:152235:17)
      at Object.onceWrapper (events.js:483:26)
      at ClientRequest.emit (events.js:376:20)
      at Socket.socketErrorListener (_http_client.js:475:9)
      at Socket.emit (events.js:376:20)
      at emitErrorNT (internal/streams/destroy.js:106:8)
      at emitErrorCloseNT (internal/streams/destroy.js:74:3)
      at processTicksAndRejections (internal/process/task_queues.js:82:21)

npm manifest: 
  {
    "name": "fc",
    "version": "0.0.1",
    "private": true,
    "scripts": {
      "lint": "tslint 'fc-exploitation/src/**/*.ts' 'shared/**/*.ts' 'fc-support/**/*.ts' 'fc-stats/**/*.ts' --exclude '**/node_modules/**/*'",
      "lint:commit": "./node-scripts/lint-commit.sh",
      "test": "jest",
      "test:watch": "jest --watch",
      "test:cov": "jest --coverage"
    },
    "repository": {
      "type": "git",
      "url": "git+ssh://git@gitlab.com/france-connect/fc-apps.git"
    },
    "devDependencies": {
      "husky": "^4.0.0-beta.5",
      "prettier": "^1.18.2",
      "tslint": "^5.18.0",
      "tslint-config-prettier": "^1.18.0",
      "tslint-plugin-prettier": "^2.0.1",
      "typescript": "^3.6.3"
    },
    "jest": {
      "moduleFileExtensions": [
        "js",
        "json",
        "ts"
      ],
      "rootDir": ".",
      "testRegex": ".spec.ts$",
      "transform": {
        "^.+\\.(t|j)s$": "ts-jest"
      },
      "coverageDirectory": "./coverage",
      "testEnvironment": "node",
      "roots": [
        "<rootDir>/fc-stats/",
        "<rootDir>/fc-exploitation/",
        "<rootDir>/fc-support/",
        "<rootDir>/fc-workers/",
        "<rootDir>/shared/"
      ]
    },
    "workspaces": [
      "fc-stats",
      "fc-exploitation",
      "fc-support",
      "fc-workers",
      "shared"
    ]
  }

yarn manifest: 
  No manifest

Lockfile: 
  No lockfile
